<?xml version="1.0" encoding="UTF-8"?>
<!-- Generated by org.testng.reporters.JUnitReportReporter -->
<testsuite hostname="INHCLH-LHL0590" failures="0" tests="2" name="RahulshettyAcademy.Tests.webTest" time="37.764" errors="0" timestamp="2022-11-07T14:47:54 IST" skipped="0">
  <testcase classname="RahulshettyAcademy.Tests.webTest" name="submitOrder" time="24.221"/>
  <system-out/>
  <testcase classname="RahulshettyAcademy.Tests.webTest" name="submitOrder" time="13.543"/>
  <system-out/>
</testsuite> <!-- RahulshettyAcademy.Tests.webTest -->
