<?xml version="1.0" encoding="UTF-8"?>
<!-- Generated by org.testng.reporters.JUnitReportReporter -->
<testsuite hostname="INHCLH-LHL0590" failures="0" tests="2" name="RahulshettyAcademy.Tests.validationCred" time="16.121" errors="0" timestamp="2022-10-25T16:59:34 IST" skipped="0">
  <testcase classname="RahulshettyAcademy.Tests.validationCred" name="validateCredentials" time="5.200"/>
  <system-out/>
  <testcase classname="RahulshettyAcademy.Tests.validationCred" name="validateCart" time="10.921"/>
  <system-out/>
</testsuite> <!-- RahulshettyAcademy.Tests.validationCred -->
