<?xml version="1.0" encoding="UTF-8"?>
<!-- Generated by org.testng.reporters.JUnitReportReporter -->
<testsuite hostname="INHCLH-LHL0590" failures="0" tests="2" name="RahulshettyAcademy.Tests.webTestJson" time="26.793" errors="0" timestamp="2022-11-07T13:10:35 IST" skipped="0">
  <testcase classname="RahulshettyAcademy.Tests.webTestJson" name="submitOrder" time="12.365"/>
  <system-out/>
  <testcase classname="RahulshettyAcademy.Tests.webTestJson" name="submitOrder" time="14.428"/>
  <system-out/>
</testsuite> <!-- RahulshettyAcademy.Tests.webTestJson -->
