<?xml version="1.0" encoding="UTF-8"?>
<!-- Generated by org.testng.reporters.JUnitReportReporter -->
<testsuite hostname="INHCLH-LHL0590" failures="0" tests="1" name="RahulshettyAcademy.AppTests.webTest" time="7.277" errors="0" timestamp="2022-10-25T12:26:36 IST" skipped="0">
  <testcase classname="RahulshettyAcademy.AppTests.webTest" name="mainTest" time="7.277"/>
  <system-out/>
</testsuite> <!-- RahulshettyAcademy.AppTests.webTest -->
