<?xml version="1.0" encoding="UTF-8"?>
<!-- Generated by org.testng.reporters.JUnitReportReporter -->
<testsuite hostname="INHCLH-LHL0590" failures="0" tests="3" name="RahulshettyAcademy.Tests.webTestJson" time="22.351" errors="0" timestamp="2022-10-31T15:36:59 IST" skipped="0">
  <testcase classname="RahulshettyAcademy.Tests.webTestJson" name="submitOrder" time="8.893"/>
  <system-out/>
  <testcase classname="RahulshettyAcademy.Tests.webTestJson" name="validateOrdProductNames" time="4.093"/>
  <system-out/>
  <testcase classname="RahulshettyAcademy.Tests.webTestJson" name="submitOrder" time="9.365"/>
  <system-out/>
</testsuite> <!-- RahulshettyAcademy.Tests.webTestJson -->
